

Microchip Technology PIC18 LITE Macro Assembler V1.45 build -152302408 
                                                                                               Wed Aug 22 09:17:01 2018

Microchip Technology Omniscient Code Generator v1.45 (Free mode) build 201711160504
     1                           	processor	18F4550
     2                           	fnconf	rparam,??,?,0
     3                           	opt	pw 120
     4                           	opt	lm
     5                           	psect	cinit,global,reloc=2,class=CODE,delta=1
     6                           	psect	cstackCOMRAM,global,class=COMRAM,space=1,delta=1,noexec
     7                           	psect	text0,global,reloc=2,class=CODE,delta=1
     8                           	psect	text1,global,reloc=2,class=CODE,delta=1
     9                           	psect	text2,global,reloc=2,class=CODE,delta=1
    10                           	psect	intsave_regs,global,class=BIGRAM,space=1,delta=1,noexec
    11                           	psect	rparam,global,class=COMRAM,space=1,delta=1,noexec
    12  0000                     
    13                           ; Version 1.45
    14                           ; Generated 16/11/2017 GMT
    15                           ; 
    16                           ; Copyright © 2017, Microchip Technology Inc. and its subsidiaries ("Microchip")
    17                           ; All rights reserved.
    18                           ; 
    19                           ; This software is developed by Microchip Technology Inc. and its subsidiaries ("Microch
      +                          ip").
    20                           ; 
    21                           ; Redistribution and use in source and binary forms, with or without modification, are
    22                           ; permitted provided that the following conditions are met:
    23                           ; 
    24                           ;     1. Redistributions of source code must retain the above copyright notice, this lis
      +                          t of
    25                           ;        conditions and the following disclaimer.
    26                           ; 
    27                           ;     2. Redistributions in binary form must reproduce the above copyright notice, this 
      +                          list
    28                           ;        of conditions and the following disclaimer in the documentation and/or other
    29                           ;        materials provided with the distribution.
    30                           ; 
    31                           ;     3. Microchip's name may not be used to endorse or promote products derived from th
      +                          is
    32                           ;        software without specific prior written permission.
    33                           ; 
    34                           ; THIS SOFTWARE IS PROVIDED BY MICROCHIP "AS IS" AND ANY EXPRESS OR IMPLIED WARRANTIES,
    35                           ; INCLUDING, BUT NOT LIMITED TO, THE IMPLIED WARRANTIES OF MERCHANTABILITY AND FITNESS F
      +                          OR
    36                           ; PURPOSE ARE DISCLAIMED.  IN NO EVENT SHALL MICROCHIP BE LIABLE FOR ANY DIRECT, INDIREC
      +                          T,
    37                           ; INCIDENTAL, SPECIAL, EXEMPLARY, OR CONSEQUENTIAL DAMAGES (INCLUDING BUT NOT LIMITED TO
    38                           ; PROCUREMENT OF SUBSTITUTE GOODS OR SERVICES; LOSS OF USE, DATA OR PROFITS; OR BUSINESS
    39                           ; INTERRUPTION) HOWSOEVER CAUSED AND ON ANY THEORY OF LIABILITY, WHETHER IN CONTRACT, ST
      +                          RICT
    40                           ; LIABILITY, OR TORT (INCLUDING NEGLIGENCE OR OTHERWISE) ARISING IN ANY WAY OUT OF THE U
      +                          SE OF
    41                           ; THIS SOFTWARE, EVEN IF ADVISED OF THE POSSIBILITY OF SUCH DAMAGE.
    42                           ; 
    43                           ; 
    44                           ; Code-generator required, PIC18F4550 Definitions
    45                           ; 
    46                           ; SFR Addresses
    47  0000                     _PORTCbits	set	3970
    48  0000                     _TRISCbits	set	3988
    49  0000                     _PIR1bits	set	3998
    50  0000                     _TXSTAbits	set	4012
    51  0000                     _TXREG	set	4013
    52  0000                     _SPBRG	set	4015
    53  0000                     _BAUDCON	set	4024
    54  0000                     _RCSTA	set	4011
    55  0000                     _TXSTA	set	4012
    56                           
    57                           ; #config settings
    58  0000                     
    59                           	psect	cinit
    60  007FB4                     __pcinit:
    61                           	opt stack 0
    62  007FB4                     start_initialization:
    63                           	opt stack 0
    64  007FB4                     __initialization:
    65                           	opt stack 0
    66  007FB4                     end_of_initialization:
    67                           	opt stack 0
    68  007FB4                     __end_of__initialization:
    69                           	opt stack 0
    70  007FB4  0E00               	movlw	low (__Lmediumconst shr (0+16))
    71  007FB6  6EF8               	movwf	tblptru,c
    72  007FB8  0100               	movlb	0
    73  007FBA  EFE8  F03F         	goto	_main	;jump to C main() function
    74                           tblptru	equ	0xFF8
    75                           
    76                           	psect	cstackCOMRAM
    77  000001                     __pcstackCOMRAM:
    78                           	opt stack 0
    79  000001                     main@n:
    80                           	opt stack 0
    81                           
    82                           ; 2 bytes @ 0x0
    83  000001                     	ds	2
    84  000003                     main@r:
    85                           	opt stack 0
    86                           
    87                           ; 1 bytes @ 0x2
    88  000003                     	ds	1
    89                           tblptru	equ	0xFF8
    90                           
    91 ;;
    92 ;;Main: autosize = 0, tempsize = 0, incstack = 0, save=0
    93 ;;
    94 ;; *************** function _main *****************
    95 ;; Defined at:
    96 ;;		line 98 in file "newmain.c"
    97 ;; Parameters:    Size  Location     Type
    98 ;;		None
    99 ;; Auto vars:     Size  Location     Type
   100 ;;  n               2    0[COMRAM] int 
   101 ;;  r               1    2[COMRAM] unsigned char 
   102 ;; Return value:  Size  Location     Type
   103 ;;                  1    wreg      void 
   104 ;; Registers used:
   105 ;;		wreg, status,2, status,0, cstack
   106 ;; Tracked objects:
   107 ;;		On entry : 0/0
   108 ;;		On exit  : 0/0
   109 ;;		Unchanged: 0/0
   110 ;; Data sizes:     COMRAM   BANK0   BANK1   BANK2   BANK3   BANK4   BANK5   BANK6   BANK7
   111 ;;      Params:         0       0       0       0       0       0       0       0       0
   112 ;;      Locals:         3       0       0       0       0       0       0       0       0
   113 ;;      Temps:          0       0       0       0       0       0       0       0       0
   114 ;;      Totals:         3       0       0       0       0       0       0       0       0
   115 ;;Total ram usage:        3 bytes
   116 ;; Hardware stack levels required when called:    1
   117 ;; This function calls:
   118 ;;		_inicializa_com
   119 ;;		_rx_byte
   120 ;; This function is called by:
   121 ;;		Startup code after reset
   122 ;; This function uses a non-reentrant model
   123 ;;
   124                           
   125                           	psect	text0
   126  007FD0                     __ptext0:
   127                           	opt stack 0
   128  007FD0                     _main:
   129                           	opt stack 30
   130                           
   131                           ;newmain.c: 99: char r;
   132                           ;newmain.c: 100: int n;
   133                           ;newmain.c: 101: n = 0;
   134                           
   135                           ;incstack = 0
   136  007FD0  0E00               	movlw	0
   137  007FD2  6E02               	movwf	main@n+1,c
   138  007FD4  0E00               	movlw	0
   139  007FD6  6E01               	movwf	main@n,c
   140                           
   141                           ;newmain.c: 102: inicializa_com();
   142  007FD8  ECDF  F03F         	call	_inicializa_com	;wreg free
   143                           
   144                           ;newmain.c: 103: TRISCbits.TRISC0 = 0;
   145  007FDC  9094               	bcf	3988,0,c	;volatile
   146                           
   147                           ;newmain.c: 104: TRISCbits.TRISC6 = 0;
   148  007FDE  9C94               	bcf	3988,6,c	;volatile
   149                           
   150                           ;newmain.c: 105: TRISCbits.TRISC7 = 1;
   151  007FE0  8E94               	bsf	3988,7,c	;volatile
   152  007FE2                     l687:
   153                           
   154                           ;newmain.c: 106: PORTCbits.RC0 = 0;
   155  007FE2  9082               	bcf	3970,0,c	;volatile
   156  007FE4                     
   157                           ;newmain.c: 108: r = rx_byte();
   158  007FE4  ECD6  F03F         	call	_rx_byte	;wreg free
   159  007FE8  6E03               	movwf	main@r,c
   160                           
   161                           ;newmain.c: 109: switch (r) {
   162  007FEA  D002               	goto	l39
   163  007FEC                     l42:
   164  007FEC  8082               	bsf	3970,0,c	;volatile
   165                           
   166                           ;newmain.c: 115: }
   167                           
   168                           ;newmain.c: 113: break;
   169  007FEE  D7FA               	goto	l38
   170  007FF0                     l39:
   171  007FF0  5003               	movf	main@r,w,c
   172                           
   173                           ; Switch size 1, requested type "space"
   174                           ; Number of cases is 2, Range of values is 48 to 49
   175                           ; switch strategies available:
   176                           ; Name         Instructions Cycles
   177                           ; simple_byte            7     4 (average)
   178                           ;	Chosen strategy is simple_byte
   179  007FF2  0A30               	xorlw	48	; case 48
   180  007FF4  B4D8               	btfsc	status,2,c
   181  007FF6  D7F5               	goto	l687
   182  007FF8  0A01               	xorlw	1	; case 49
   183  007FFA  B4D8               	btfsc	status,2,c
   184  007FFC  D7F7               	goto	l42
   185  007FFE  D7F2               	goto	l38
   186  008000                     __end_of_main:
   187                           	opt stack 0
   188                           tblptru	equ	0xFF8
   189                           status	equ	0xFD8
   190                           
   191 ;; *************** function _rx_byte *****************
   192 ;; Defined at:
   193 ;;		line 90 in file "newmain.c"
   194 ;; Parameters:    Size  Location     Type
   195 ;;		None
   196 ;; Auto vars:     Size  Location     Type
   197 ;;  dado            1    0        unsigned char 
   198 ;; Return value:  Size  Location     Type
   199 ;;                  1    wreg      unsigned char 
   200 ;; Registers used:
   201 ;;		wreg
   202 ;; Tracked objects:
   203 ;;		On entry : 0/0
   204 ;;		On exit  : 0/0
   205 ;;		Unchanged: 0/0
   206 ;; Data sizes:     COMRAM   BANK0   BANK1   BANK2   BANK3   BANK4   BANK5   BANK6   BANK7
   207 ;;      Params:         0       0       0       0       0       0       0       0       0
   208 ;;      Locals:         0       0       0       0       0       0       0       0       0
   209 ;;      Temps:          0       0       0       0       0       0       0       0       0
   210 ;;      Totals:         0       0       0       0       0       0       0       0       0
   211 ;;Total ram usage:        0 bytes
   212 ;; Hardware stack levels used:    1
   213 ;; This function calls:
   214 ;;		Nothing
   215 ;; This function is called by:
   216 ;;		_main
   217 ;; This function uses a non-reentrant model
   218 ;;
   219                           
   220                           	psect	text1
   221  007FAC                     __ptext1:
   222                           	opt stack 0
   223  007FAC                     _rx_byte:
   224                           	opt stack 30
   225                           
   226                           ;newmain.c: 92: char dado;
   227                           ;newmain.c: 94: while(PIR1bits.RCIF == 00);
   228                           
   229                           ;incstack = 0
   230  007FAC  AA9E               	btfss	3998,5,c	;volatile
   231  007FAE  D7FE               	goto	_rx_byte
   232                           
   233                           ;newmain.c: 95: return (0);
   234  007FB0  0E00               	movlw	0
   235  007FB2  0012               	return	
   236  007FB4                     __end_of_rx_byte:
   237                           	opt stack 0
   238                           tblptru	equ	0xFF8
   239                           status	equ	0xFD8
   240                           
   241 ;; *************** function _inicializa_com *****************
   242 ;; Defined at:
   243 ;;		line 75 in file "newmain.c"
   244 ;; Parameters:    Size  Location     Type
   245 ;;		None
   246 ;; Auto vars:     Size  Location     Type
   247 ;;		None
   248 ;; Return value:  Size  Location     Type
   249 ;;                  1    wreg      void 
   250 ;; Registers used:
   251 ;;		wreg, status,2
   252 ;; Tracked objects:
   253 ;;		On entry : 0/0
   254 ;;		On exit  : 0/0
   255 ;;		Unchanged: 0/0
   256 ;; Data sizes:     COMRAM   BANK0   BANK1   BANK2   BANK3   BANK4   BANK5   BANK6   BANK7
   257 ;;      Params:         0       0       0       0       0       0       0       0       0
   258 ;;      Locals:         0       0       0       0       0       0       0       0       0
   259 ;;      Temps:          0       0       0       0       0       0       0       0       0
   260 ;;      Totals:         0       0       0       0       0       0       0       0       0
   261 ;;Total ram usage:        0 bytes
   262 ;; Hardware stack levels used:    1
   263 ;; This function calls:
   264 ;;		Nothing
   265 ;; This function is called by:
   266 ;;		_main
   267 ;; This function uses a non-reentrant model
   268 ;;
   269                           
   270                           	psect	text2
   271  007FBE                     __ptext2:
   272                           	opt stack 0
   273  007FBE                     _inicializa_com:
   274                           	opt stack 30
   275                           
   276                           ;newmain.c: 77: TXSTA = 0b00100100;
   277                           
   278                           ;incstack = 0
   279  007FBE  0E24               	movlw	36
   280  007FC0  6EAC               	movwf	4012,c	;volatile
   281                           
   282                           ;newmain.c: 78: RCSTA = 0b10010000;
   283  007FC2  0E90               	movlw	144
   284  007FC4  6EAB               	movwf	4011,c	;volatile
   285                           
   286                           ;newmain.c: 79: BAUDCON = 0b01000000;
   287  007FC6  0E40               	movlw	64
   288  007FC8  6EB8               	movwf	4024,c	;volatile
   289                           
   290                           ;newmain.c: 80: SPBRG = 25;
   291  007FCA  0E19               	movlw	25
   292  007FCC  6EAF               	movwf	4015,c	;volatile
   293  007FCE  0012               	return		;funcret
   294  007FD0                     __end_of_inicializa_com:
   295                           	opt stack 0
   296  0000                     tblptru	equ	0xFF8
   297                           status	equ	0xFD8
   298                           tblptru	equ	0xFF8
   299                           status	equ	0xFD8
   300                           
   301                           	psect	rparam
   302  0000                     tblptru	equ	0xFF8
   303                           status	equ	0xFD8


Data Sizes:
    Strings     0
    Constant    0
    Data        0
    BSS         0
    Persistent  0
    Stack       0

Auto Spaces:
    Space          Size  Autos    Used
    COMRAM           95      3       3
    BANK0           160      0       0
    BANK1           256      0       0
    BANK2           256      0       0
    BANK3           256      0       0
    BANK4           256      0       0
    BANK5           256      0       0
    BANK6           256      0       0
    BANK7           256      0       0

Pointer List with Targets:

    None.

Critical Paths under _main in COMRAM

    None.

Critical Paths under _main in BANK0

    None.

Critical Paths under _main in BANK1

    None.

Critical Paths under _main in BANK2

    None.

Critical Paths under _main in BANK3

    None.

Critical Paths under _main in BANK4

    None.

Critical Paths under _main in BANK5

    None.

Critical Paths under _main in BANK6

    None.

Critical Paths under _main in BANK7

    None.

Call Graph Tables:

 ---------------------------------------------------------------------------------
 (Depth) Function   	        Calls       Base Space   Used Autos Params    Refs
 ---------------------------------------------------------------------------------
 (0) _main                                                 3     3      0      15
                                              0 COMRAM     3     3      0
                     _inicializa_com
                            _rx_byte
 ---------------------------------------------------------------------------------
 (1) _rx_byte                                              1     1      0       0
 ---------------------------------------------------------------------------------
 (1) _inicializa_com                                       0     0      0       0
 ---------------------------------------------------------------------------------
 Estimated maximum stack depth 1
 ---------------------------------------------------------------------------------

 Call Graph Graphs:

 _main (ROOT)
   _inicializa_com
   _rx_byte

 Address spaces:
Name               Size   Autos  Total    Cost      Usage
BITCOMRAM           5F      0       0       0        0.0%
EEDATA             100      0       0       0        0.0%
NULL                 0      0       0       0        0.0%
CODE                 0      0       0       0        0.0%
COMRAM              5F      3       3       1        3.2%
STACK                0      0       0       2        0.0%
DATA                 0      0       0       3        0.0%
BITBANK0            A0      0       0       4        0.0%
BANK0               A0      0       0       5        0.0%
BITBANK1           100      0       0       6        0.0%
BANK1              100      0       0       7        0.0%
BITBANK2           100      0       0       8        0.0%
BANK2              100      0       0       9        0.0%
BITBANK3           100      0       0      10        0.0%
BANK3              100      0       0      11        0.0%
BITBANK4           100      0       0      12        0.0%
BANK4              100      0       0      13        0.0%
BITBANK5           100      0       0      14        0.0%
BANK5              100      0       0      15        0.0%
BITBANK6           100      0       0      16        0.0%
BANK6              100      0       0      17        0.0%
BITBANK7           100      0       0      18        0.0%
BANK7              100      0       0      19        0.0%
ABS                  0      0       0      20        0.0%
BIGRAM             7FF      0       0      21        0.0%
BITSFR               0      0       0     200        0.0%
SFR                  0      0       0     200        0.0%


Microchip Technology PIC18 Macro Assembler V1.45 build -152302408 
Symbol Table                                                                                   Wed Aug 22 09:17:01 2018

                     l42 7FEC                       l38 7FE4                       l39 7FF0  
            __CFG_BOR$ON 000000              __CFG_BORV$3 000000             __CFG_CP0$OFF 000000  
           __CFG_CP1$OFF 000000             __CFG_CP2$OFF 000000             __CFG_CP3$OFF 000000  
            __CFG_LVP$ON 000000                      l687 7FE2             __CFG_CPB$OFF 000000  
           __CFG_CPD$OFF 000000             __CFG_WDT$OFF 000000                     _main 7FD0  
                   start 0000            __CFG_IESO$OFF 000000            __CFG_MCLRE$ON 000000  
           ___param_bank 000000            __CFG_PLLDIV$1 000000           __CFG_CCP2MX$ON 000000  
                  ?_main 0001                    _RCSTA 000FAB                    _SPBRG 000FAF  
          __CFG_USBDIV$1 000000                    _TXREG 000FAD                    _TXSTA 000FAC  
          __CFG_PWRT$OFF 000000            __CFG_WRT0$OFF 000000            __CFG_WRT1$OFF 000000  
          __CFG_WRT2$OFF 000000            __CFG_WRT3$OFF 000000           __CFG_EBTR0$OFF 000000  
         __CFG_FCMEN$OFF 000000           __CFG_EBTR1$OFF 000000           __CFG_EBTR2$OFF 000000  
         __CFG_EBTR3$OFF 000000            __CFG_WRTB$OFF 000000            __CFG_WRTC$OFF 000000  
          __CFG_WRTD$OFF 000000           __CFG_EBTRB$OFF 000000                    main@n 0001  
                  main@r 0003          __end_of_rx_byte 7FB4                    status 000FD8  
         __CFG_ICPRT$OFF 000000           __CFG_PBADEN$ON 000000          __initialization 7FB4  
           __end_of_main 8000                   ??_main 0001            __activetblptr 000002  
__size_of_inicializa_com 0012           __CFG_XINST$OFF 000000           __CFG_STVREN$ON 000000  
                 tblptru 000FF8                ??_rx_byte 0001               __accesstop 0060  
__end_of__initialization 7FB4          __CFG_FOSC$XT_XT 000000            ___rparam_used 000001  
         __pcstackCOMRAM 0001                  _BAUDCON 000FB8          __CFG_VREGEN$OFF 000000  
         _inicializa_com 7FBE                  __Hparam 0000                  __Lparam 0000  
                __pcinit 7FB4                  __ramtop 0800                  __ptext0 7FD0  
                __ptext1 7FAC                  __ptext2 7FBE                  _rx_byte 7FAC  
 __end_of_inicializa_com 7FD0     end_of_initialization 7FB4            __Lmediumconst 0000  
              _PORTCbits 000F82                _TRISCbits 000F94          ?_inicializa_com 0001  
              _TXSTAbits 000FAC      start_initialization 7FB4         __CFG_LPT1OSC$OFF 000000  
               ?_rx_byte 0001                 _PIR1bits 000F9E         __CFG_WDTPS$32768 000000  
       ??_inicializa_com 0001                 __Hrparam 0000                 __Lrparam 0000  
       __size_of_rx_byte 0008            __size_of_main 0030    __CFG_CPUDIV$OSC1_PLL2 000000  
