

Microchip Technology PIC18 LITE Macro Assembler V1.45 build -152302408 
                                                                                               Wed Aug 22 11:28:05 2018

Microchip Technology Omniscient Code Generator v1.45 (Free mode) build 201711160504
     1                           	processor	18F4550
     2                           	fnconf	rparam,??,?,0
     3                           	opt	pw 120
     4                           	opt	lm
     5                           	psect	cinit,global,reloc=2,class=CODE,delta=1
     6                           	psect	bssCOMRAM,global,class=COMRAM,space=1,delta=1,noexec
     7                           	psect	cstackCOMRAM,global,class=COMRAM,space=1,delta=1,noexec
     8                           	psect	text0,global,reloc=2,class=CODE,delta=1
     9                           	psect	text1,global,reloc=2,class=CODE,delta=1
    10                           	psect	text2,global,reloc=2,class=CODE,delta=1
    11                           	psect	text3,global,reloc=2,class=CODE,delta=1
    12                           	psect	intsave_regs,global,class=BIGRAM,space=1,delta=1,noexec
    13                           	psect	rparam,global,class=COMRAM,space=1,delta=1,noexec
    14  0000                     
    15                           ; Version 1.45
    16                           ; Generated 16/11/2017 GMT
    17                           ; 
    18                           ; Copyright © 2017, Microchip Technology Inc. and its subsidiaries ("Microchip")
    19                           ; All rights reserved.
    20                           ; 
    21                           ; This software is developed by Microchip Technology Inc. and its subsidiaries ("Microch
      +                          ip").
    22                           ; 
    23                           ; Redistribution and use in source and binary forms, with or without modification, are
    24                           ; permitted provided that the following conditions are met:
    25                           ; 
    26                           ;     1. Redistributions of source code must retain the above copyright notice, this lis
      +                          t of
    27                           ;        conditions and the following disclaimer.
    28                           ; 
    29                           ;     2. Redistributions in binary form must reproduce the above copyright notice, this 
      +                          list
    30                           ;        of conditions and the following disclaimer in the documentation and/or other
    31                           ;        materials provided with the distribution.
    32                           ; 
    33                           ;     3. Microchip's name may not be used to endorse or promote products derived from th
      +                          is
    34                           ;        software without specific prior written permission.
    35                           ; 
    36                           ; THIS SOFTWARE IS PROVIDED BY MICROCHIP "AS IS" AND ANY EXPRESS OR IMPLIED WARRANTIES,
    37                           ; INCLUDING, BUT NOT LIMITED TO, THE IMPLIED WARRANTIES OF MERCHANTABILITY AND FITNESS F
      +                          OR
    38                           ; PURPOSE ARE DISCLAIMED.  IN NO EVENT SHALL MICROCHIP BE LIABLE FOR ANY DIRECT, INDIREC
      +                          T,
    39                           ; INCIDENTAL, SPECIAL, EXEMPLARY, OR CONSEQUENTIAL DAMAGES (INCLUDING BUT NOT LIMITED TO
    40                           ; PROCUREMENT OF SUBSTITUTE GOODS OR SERVICES; LOSS OF USE, DATA OR PROFITS; OR BUSINESS
    41                           ; INTERRUPTION) HOWSOEVER CAUSED AND ON ANY THEORY OF LIABILITY, WHETHER IN CONTRACT, ST
      +                          RICT
    42                           ; LIABILITY, OR TORT (INCLUDING NEGLIGENCE OR OTHERWISE) ARISING IN ANY WAY OUT OF THE U
      +                          SE OF
    43                           ; THIS SOFTWARE, EVEN IF ADVISED OF THE POSSIBILITY OF SUCH DAMAGE.
    44                           ; 
    45                           ; 
    46                           ; Code-generator required, PIC18F4550 Definitions
    47                           ; 
    48                           ; SFR Addresses
    49  0000                     _PORTA	set	3968
    50  0000                     _ADCON1	set	4033
    51  0000                     _TRISA	set	3986
    52  0000                     _TRISCbits	set	3988
    53  0000                     _RCREG	set	4014
    54  0000                     _PIR1bits	set	3998
    55  0000                     _PORTCbits	set	3970
    56  0000                     _TXSTAbits	set	4012
    57  0000                     _TXREG	set	4013
    58  0000                     _TMR0L	set	4054
    59  0000                     _SPBRG	set	4015
    60  0000                     _BAUDCON	set	4024
    61  0000                     _RCSTA	set	4011
    62  0000                     _TXSTA	set	4012
    63  0000                     _TMR0ON	set	32431
    64  0000                     _T08BIT	set	32430
    65  0000                     _TMR0IF	set	32658
    66  0000                     _T0PS2	set	32426
    67  0000                     _T0PS1	set	32425
    68  0000                     _T0PS0	set	32424
    69  0000                     _PSA	set	32427
    70  0000                     _T0CS	set	32429
    71                           
    72                           ; #config settings
    73  0000                     
    74                           	psect	cinit
    75  007EFC                     __pcinit:
    76                           	opt stack 0
    77  007EFC                     start_initialization:
    78                           	opt stack 0
    79  007EFC                     __initialization:
    80                           	opt stack 0
    81                           
    82                           ; Clear objects allocated to COMRAM (1 bytes)
    83  007EFC  6A08               	clrf	__pbssCOMRAM& (0+255),c
    84  007EFE                     end_of_initialization:
    85                           	opt stack 0
    86  007EFE                     __end_of__initialization:
    87                           	opt stack 0
    88  007EFE  0E00               	movlw	low (__Lmediumconst shr (0+16))
    89  007F00  6EF8               	movwf	tblptru,c
    90  007F02  0100               	movlb	0
    91  007F04  EFBD  F03F         	goto	_main	;jump to C main() function
    92                           tblptru	equ	0xFF8
    93                           
    94                           	psect	bssCOMRAM
    95  000008                     __pbssCOMRAM:
    96                           	opt stack 0
    97  000008                     _piscar_led:
    98                           	opt stack 0
    99  000008                     	ds	1
   100                           tblptru	equ	0xFF8
   101                           
   102                           	psect	cstackCOMRAM
   103  000001                     __pcstackCOMRAM:
   104                           	opt stack 0
   105  000001                     delay_ms@tempo:
   106                           	opt stack 0
   107                           
   108                           ; 2 bytes @ 0x0
   109  000001                     	ds	2
   110  000003                     rx_byte@dado:
   111                           	opt stack 0
   112                           
   113                           ; 1 bytes @ 0x2
   114  000003                     	ds	1
   115  000004                     main@n:
   116                           	opt stack 0
   117                           
   118                           ; 2 bytes @ 0x3
   119  000004                     	ds	2
   120  000006                     main@r:
   121                           	opt stack 0
   122                           
   123                           ; 1 bytes @ 0x5
   124  000006                     	ds	1
   125  000007                     main@endereco:
   126                           	opt stack 0
   127                           
   128                           ; 1 bytes @ 0x6
   129  000007                     	ds	1
   130                           tblptru	equ	0xFF8
   131                           
   132 ;;
   133 ;;Main: autosize = 0, tempsize = 0, incstack = 0, save=0
   134 ;;
   135 ;; *************** function _main *****************
   136 ;; Defined at:
   137 ;;		line 123 in file "newmain.c"
   138 ;; Parameters:    Size  Location     Type
   139 ;;		None
   140 ;; Auto vars:     Size  Location     Type
   141 ;;  n               2    3[COMRAM] int 
   142 ;;  endereco        1    6[COMRAM] unsigned char 
   143 ;;  r               1    5[COMRAM] unsigned char 
   144 ;; Return value:  Size  Location     Type
   145 ;;                  1    wreg      void 
   146 ;; Registers used:
   147 ;;		wreg, status,2, status,0, cstack
   148 ;; Tracked objects:
   149 ;;		On entry : 0/0
   150 ;;		On exit  : 0/0
   151 ;;		Unchanged: 0/0
   152 ;; Data sizes:     COMRAM   BANK0   BANK1   BANK2   BANK3   BANK4   BANK5   BANK6   BANK7
   153 ;;      Params:         0       0       0       0       0       0       0       0       0
   154 ;;      Locals:         4       0       0       0       0       0       0       0       0
   155 ;;      Temps:          0       0       0       0       0       0       0       0       0
   156 ;;      Totals:         4       0       0       0       0       0       0       0       0
   157 ;;Total ram usage:        4 bytes
   158 ;; Hardware stack levels required when called:    2
   159 ;; This function calls:
   160 ;;		_inicializa_com
   161 ;;		_rx_byte
   162 ;; This function is called by:
   163 ;;		Startup code after reset
   164 ;; This function uses a non-reentrant model
   165 ;;
   166                           
   167                           	psect	text0
   168  007F7A                     __ptext0:
   169                           	opt stack 0
   170  007F7A                     _main:
   171                           	opt stack 29
   172                           
   173                           ;newmain.c: 124: char r;
   174                           ;newmain.c: 125: char endereco = 100;
   175                           
   176                           ;incstack = 0
   177  007F7A  0E64               	movlw	100
   178  007F7C  6E07               	movwf	main@endereco,c
   179                           
   180                           ;newmain.c: 126: int n;
   181                           ;newmain.c: 127: n = 0;
   182  007F7E  0E00               	movlw	0
   183  007F80  6E05               	movwf	main@n+1,c
   184  007F82  0E00               	movlw	0
   185  007F84  6E04               	movwf	main@n,c
   186                           
   187                           ;newmain.c: 128: inicializa_com();
   188  007F86  EC84  F03F         	call	_inicializa_com	;wreg free
   189                           
   190                           ;newmain.c: 129: TRISCbits.TRISC0 = 0;
   191  007F8A  9094               	bcf	3988,0,c	;volatile
   192                           
   193                           ;newmain.c: 130: TRISCbits.TRISC6 = 0;
   194  007F8C  9C94               	bcf	3988,6,c	;volatile
   195                           
   196                           ;newmain.c: 131: TRISCbits.TRISC7 = 1;
   197  007F8E  8E94               	bsf	3988,7,c	;volatile
   198                           
   199                           ;newmain.c: 132: TRISA = 0b00001111;
   200  007F90  0E0F               	movlw	15
   201  007F92  6E92               	movwf	3986,c	;volatile
   202                           
   203                           ;newmain.c: 133: ADCON1 = 0b00001111;
   204  007F94  0E0F               	movlw	15
   205  007F96  6EC1               	movwf	4033,c	;volatile
   206                           
   207                           ;newmain.c: 134: PORTCbits.RC0 = 0;
   208  007F98  9082               	bcf	3970,0,c	;volatile
   209  007F9A                     
   210                           ;newmain.c: 136: r = rx_byte();
   211  007F9A  ECA5  F03F         	call	_rx_byte	;wreg free
   212  007F9E  6E06               	movwf	main@r,c
   213                           
   214                           ;newmain.c: 137: switch (r) {
   215  007FA0  D01B               	goto	l77
   216  007FA2  0E00               	movlw	0
   217  007FA4  D003               	goto	L2
   218  007FA6  0E01               	movlw	1
   219  007FA8  D001               	goto	L2
   220  007FAA  0E02               	movlw	2
   221  007FAC                     L2:
   222  007FAC  6E07               	movwf	main@endereco,c
   223                           
   224                           ;newmain.c: 143: break;
   225  007FAE  D7F5               	goto	l76
   226  007FB0  5080               	movf	3968,w,c	;volatile
   227  007FB2  1807               	xorwf	main@endereco,w,c
   228  007FB4  A4D8               	btfss	status,2,c
   229  007FB6  D7F1               	goto	l76
   230                           
   231                           ;newmain.c: 145: PORTCbits.RC0 = 0;
   232  007FB8  9082               	bcf	3970,0,c	;volatile
   233  007FBA  D005               	goto	l846
   234  007FBC  5080               	movf	3968,w,c	;volatile
   235  007FBE  1807               	xorwf	main@endereco,w,c
   236  007FC0  A4D8               	btfss	status,2,c
   237  007FC2  D7EB               	goto	l76
   238                           
   239                           ;newmain.c: 150: PORTCbits.RC0 = 1;
   240  007FC4  8082               	bsf	3970,0,c	;volatile
   241  007FC6                     l846:
   242                           
   243                           ;newmain.c: 151: piscar_led = 0;
   244  007FC6  0E00               	movlw	0
   245  007FC8  D005               	goto	L3
   246  007FCA  5080               	movf	3968,w,c	;volatile
   247  007FCC  1807               	xorwf	main@endereco,w,c
   248  007FCE  A4D8               	btfss	status,2,c
   249  007FD0  D7E4               	goto	l76
   250                           
   251                           ;newmain.c: 156: piscar_led = 1;
   252  007FD2  0E01               	movlw	1
   253  007FD4                     L3:
   254  007FD4  6E08               	movwf	_piscar_led,c
   255                           
   256                           ;newmain.c: 160: }
   257                           
   258                           ;newmain.c: 157: }
   259                           ;newmain.c: 159: break;
   260  007FD6  D7E1               	goto	l76
   261  007FD8                     l77:
   262  007FD8  5006               	movf	main@r,w,c
   263                           
   264                           ; Switch size 1, requested type "space"
   265                           ; Number of cases is 6, Range of values is 48 to 99
   266                           ; switch strategies available:
   267                           ; Name         Instructions Cycles
   268                           ; simple_byte           19    10 (average)
   269                           ;	Chosen strategy is simple_byte
   270  007FDA  0A30               	xorlw	48	; case 48
   271  007FDC  B4D8               	btfsc	status,2,c
   272  007FDE  D7E8               	goto	l82
   273  007FE0  0A01               	xorlw	1	; case 49
   274  007FE2  B4D8               	btfsc	status,2,c
   275  007FE4  D7EB               	goto	l84
   276  007FE6  0A03               	xorlw	3	; case 50
   277  007FE8  B4D8               	btfsc	status,2,c
   278  007FEA  D7EF               	goto	l86
   279  007FEC  0A53               	xorlw	83	; case 97
   280  007FEE  B4D8               	btfsc	status,2,c
   281  007FF0  D7D8               	goto	l78
   282  007FF2  0A03               	xorlw	3	; case 98
   283  007FF4  B4D8               	btfsc	status,2,c
   284  007FF6  D7D7               	goto	l80
   285  007FF8  0A01               	xorlw	1	; case 99
   286  007FFA  B4D8               	btfsc	status,2,c
   287  007FFC  D7D6               	goto	l81
   288  007FFE  D7CD               	goto	l76
   289  008000                     __end_of_main:
   290                           	opt stack 0
   291                           tblptru	equ	0xFF8
   292                           status	equ	0xFD8
   293                           
   294 ;; *************** function _rx_byte *****************
   295 ;; Defined at:
   296 ;;		line 107 in file "newmain.c"
   297 ;; Parameters:    Size  Location     Type
   298 ;;		None
   299 ;; Auto vars:     Size  Location     Type
   300 ;;  dado            1    2[COMRAM] unsigned char 
   301 ;; Return value:  Size  Location     Type
   302 ;;                  1    wreg      unsigned char 
   303 ;; Registers used:
   304 ;;		wreg, status,2, status,0, cstack
   305 ;; Tracked objects:
   306 ;;		On entry : 0/0
   307 ;;		On exit  : 0/0
   308 ;;		Unchanged: 0/0
   309 ;; Data sizes:     COMRAM   BANK0   BANK1   BANK2   BANK3   BANK4   BANK5   BANK6   BANK7
   310 ;;      Params:         0       0       0       0       0       0       0       0       0
   311 ;;      Locals:         1       0       0       0       0       0       0       0       0
   312 ;;      Temps:          0       0       0       0       0       0       0       0       0
   313 ;;      Totals:         1       0       0       0       0       0       0       0       0
   314 ;;Total ram usage:        1 bytes
   315 ;; Hardware stack levels used:    1
   316 ;; Hardware stack levels required when called:    1
   317 ;; This function calls:
   318 ;;		_delay_ms
   319 ;; This function is called by:
   320 ;;		_main
   321 ;; This function uses a non-reentrant model
   322 ;;
   323                           
   324                           	psect	text1
   325  007F4A                     __ptext1:
   326                           	opt stack 0
   327  007F4A                     _rx_byte:
   328                           	opt stack 29
   329                           
   330                           ;newmain.c: 109: char dado;
   331                           ;newmain.c: 111: while (PIR1bits.RCIF == 00) {
   332                           
   333                           ;incstack = 0
   334  007F4A  D011               	goto	l69
   335  007F4C                     
   336                           ;newmain.c: 112: if (piscar_led == 1) {
   337  007F4C  0408               	decf	_piscar_led,w,c
   338  007F4E  A4D8               	btfss	status,2,c
   339  007F50  D00E               	goto	l69
   340                           
   341                           ;newmain.c: 113: PORTCbits.RC0 = 1;
   342  007F52  8082               	bsf	3970,0,c	;volatile
   343                           
   344                           ;newmain.c: 114: delay_ms(500);
   345  007F54  0E01               	movlw	1
   346  007F56  6E02               	movwf	delay_ms@tempo+1,c
   347  007F58  0EF4               	movlw	244
   348  007F5A  6E01               	movwf	delay_ms@tempo,c
   349  007F5C  EC8D  F03F         	call	_delay_ms	;wreg free
   350                           
   351                           ;newmain.c: 115: PORTCbits.RC0 = 0;
   352  007F60  9082               	bcf	3970,0,c	;volatile
   353                           
   354                           ;newmain.c: 116: delay_ms(500);
   355  007F62  0E01               	movlw	1
   356  007F64  6E02               	movwf	delay_ms@tempo+1,c
   357  007F66  0EF4               	movlw	244
   358  007F68  6E01               	movwf	delay_ms@tempo,c
   359  007F6A  EC8D  F03F         	call	_delay_ms	;wreg free
   360  007F6E                     l69:
   361  007F6E  AA9E               	btfss	3998,5,c	;volatile
   362  007F70  D7ED               	goto	l68
   363                           
   364                           ;newmain.c: 117: }
   365                           ;newmain.c: 118: }
   366                           ;newmain.c: 119: dado = RCREG;
   367  007F72  CFAE F003          	movff	4014,rx_byte@dado	;volatile
   368                           
   369                           ;newmain.c: 120: return (dado);
   370  007F76  5003               	movf	rx_byte@dado,w,c
   371  007F78  0012               	return	
   372  007F7A                     __end_of_rx_byte:
   373                           	opt stack 0
   374                           tblptru	equ	0xFF8
   375                           status	equ	0xFD8
   376                           
   377 ;; *************** function _delay_ms *****************
   378 ;; Defined at:
   379 ;;		line 83 in file "newmain.c"
   380 ;; Parameters:    Size  Location     Type
   381 ;;  tempo           2    0[COMRAM] int 
   382 ;; Auto vars:     Size  Location     Type
   383 ;;		None
   384 ;; Return value:  Size  Location     Type
   385 ;;                  1    wreg      void 
   386 ;; Registers used:
   387 ;;		wreg, status,2, status,0
   388 ;; Tracked objects:
   389 ;;		On entry : 0/0
   390 ;;		On exit  : 0/0
   391 ;;		Unchanged: 0/0
   392 ;; Data sizes:     COMRAM   BANK0   BANK1   BANK2   BANK3   BANK4   BANK5   BANK6   BANK7
   393 ;;      Params:         2       0       0       0       0       0       0       0       0
   394 ;;      Locals:         0       0       0       0       0       0       0       0       0
   395 ;;      Temps:          0       0       0       0       0       0       0       0       0
   396 ;;      Totals:         2       0       0       0       0       0       0       0       0
   397 ;;Total ram usage:        2 bytes
   398 ;; Hardware stack levels used:    1
   399 ;; This function calls:
   400 ;;		Nothing
   401 ;; This function is called by:
   402 ;;		_rx_byte
   403 ;; This function uses a non-reentrant model
   404 ;;
   405                           
   406                           	psect	text2
   407  007F1A                     __ptext2:
   408                           	opt stack 0
   409  007F1A                     _delay_ms:
   410                           	opt stack 29
   411                           
   412                           ;newmain.c: 84: while (tempo > 0) {
   413                           
   414                           ;incstack = 0
   415  007F1A  D00F               	goto	l50
   416  007F1C                     l51:
   417                           
   418                           ;newmain.c: 85: T0CS = 0;
   419  007F1C  9AD5               	bcf	4053,5,c	;volatile
   420                           
   421                           ;newmain.c: 86: PSA = 0;
   422  007F1E  96D5               	bcf	4053,3,c	;volatile
   423                           
   424                           ;newmain.c: 87: T0PS0 = 1;
   425  007F20  80D5               	bsf	4053,0,c	;volatile
   426                           
   427                           ;newmain.c: 88: T0PS1 = 0;
   428  007F22  92D5               	bcf	4053,1,c	;volatile
   429                           
   430                           ;newmain.c: 89: T0PS2 = 0;
   431  007F24  94D5               	bcf	4053,2,c	;volatile
   432                           
   433                           ;newmain.c: 90: TMR0IF = 0;
   434  007F26  94F2               	bcf	intcon,2,c	;volatile
   435                           
   436                           ;newmain.c: 91: T08BIT = 1;
   437  007F28  8CD5               	bsf	4053,6,c	;volatile
   438                           
   439                           ;newmain.c: 92: TMR0L = 0;
   440  007F2A  0E00               	movlw	0
   441  007F2C  6ED6               	movwf	4054,c	;volatile
   442                           
   443                           ;newmain.c: 93: TMR0ON = 1;
   444  007F2E  8ED5               	bsf	4053,7,c	;volatile
   445  007F30  A4F2               	btfss	intcon,2,c	;volatile
   446  007F32  D7FE               	goto	l53
   447                           
   448                           ;newmain.c: 95: --tempo;
   449  007F34  0601               	decf	delay_ms@tempo,f,c
   450  007F36  A0D8               	btfss	status,0,c
   451  007F38  0602               	decf	delay_ms@tempo+1,f,c
   452  007F3A                     l50:
   453  007F3A  BE02               	btfsc	delay_ms@tempo+1,7,c
   454  007F3C  0012               	return	
   455  007F3E  5002               	movf	delay_ms@tempo+1,w,c
   456  007F40  E1ED               	bnz	l51
   457  007F42  0401               	decf	delay_ms@tempo,w,c
   458  007F44  A0D8               	btfss	status,0,c
   459  007F46  0012               	return	
   460  007F48  D7E9               	goto	l51
   461  007F4A                     __end_of_delay_ms:
   462                           	opt stack 0
   463                           tblptru	equ	0xFF8
   464                           intcon	equ	0xFF2
   465                           status	equ	0xFD8
   466                           
   467 ;; *************** function _inicializa_com *****************
   468 ;; Defined at:
   469 ;;		line 74 in file "newmain.c"
   470 ;; Parameters:    Size  Location     Type
   471 ;;		None
   472 ;; Auto vars:     Size  Location     Type
   473 ;;		None
   474 ;; Return value:  Size  Location     Type
   475 ;;                  1    wreg      void 
   476 ;; Registers used:
   477 ;;		wreg, status,2
   478 ;; Tracked objects:
   479 ;;		On entry : 0/0
   480 ;;		On exit  : 0/0
   481 ;;		Unchanged: 0/0
   482 ;; Data sizes:     COMRAM   BANK0   BANK1   BANK2   BANK3   BANK4   BANK5   BANK6   BANK7
   483 ;;      Params:         0       0       0       0       0       0       0       0       0
   484 ;;      Locals:         0       0       0       0       0       0       0       0       0
   485 ;;      Temps:          0       0       0       0       0       0       0       0       0
   486 ;;      Totals:         0       0       0       0       0       0       0       0       0
   487 ;;Total ram usage:        0 bytes
   488 ;; Hardware stack levels used:    1
   489 ;; This function calls:
   490 ;;		Nothing
   491 ;; This function is called by:
   492 ;;		_main
   493 ;; This function uses a non-reentrant model
   494 ;;
   495                           
   496                           	psect	text3
   497  007F08                     __ptext3:
   498                           	opt stack 0
   499  007F08                     _inicializa_com:
   500                           	opt stack 30
   501                           
   502                           ;newmain.c: 76: TXSTA = 0b00100100;
   503                           
   504                           ;incstack = 0
   505  007F08  0E24               	movlw	36
   506  007F0A  6EAC               	movwf	4012,c	;volatile
   507                           
   508                           ;newmain.c: 77: RCSTA = 0b10010000;
   509  007F0C  0E90               	movlw	144
   510  007F0E  6EAB               	movwf	4011,c	;volatile
   511                           
   512                           ;newmain.c: 78: BAUDCON = 0b01000000;
   513  007F10  0E40               	movlw	64
   514  007F12  6EB8               	movwf	4024,c	;volatile
   515                           
   516                           ;newmain.c: 79: SPBRG = 25;
   517  007F14  0E19               	movlw	25
   518  007F16  6EAF               	movwf	4015,c	;volatile
   519  007F18  0012               	return		;funcret
   520  007F1A                     __end_of_inicializa_com:
   521                           	opt stack 0
   522  0000                     tblptru	equ	0xFF8
   523                           intcon	equ	0xFF2
   524                           status	equ	0xFD8
   525                           tblptru	equ	0xFF8
   526                           intcon	equ	0xFF2
   527                           status	equ	0xFD8
   528                           
   529                           	psect	rparam
   530  0000                     tblptru	equ	0xFF8
   531                           intcon	equ	0xFF2
   532                           status	equ	0xFD8


Data Sizes:
    Strings     0
    Constant    0
    Data        0
    BSS         1
    Persistent  0
    Stack       0

Auto Spaces:
    Space          Size  Autos    Used
    COMRAM           95      7       8
    BANK0           160      0       0
    BANK1           256      0       0
    BANK2           256      0       0
    BANK3           256      0       0
    BANK4           256      0       0
    BANK5           256      0       0
    BANK6           256      0       0
    BANK7           256      0       0

Pointer List with Targets:

    None.

Critical Paths under _main in COMRAM

    _main->_rx_byte
    _rx_byte->_delay_ms

Critical Paths under _main in BANK0

    None.

Critical Paths under _main in BANK1

    None.

Critical Paths under _main in BANK2

    None.

Critical Paths under _main in BANK3

    None.

Critical Paths under _main in BANK4

    None.

Critical Paths under _main in BANK5

    None.

Critical Paths under _main in BANK6

    None.

Critical Paths under _main in BANK7

    None.

Call Graph Tables:

 ---------------------------------------------------------------------------------
 (Depth) Function   	        Calls       Base Space   Used Autos Params    Refs
 ---------------------------------------------------------------------------------
 (0) _main                                                 4     4      0     292
                                              3 COMRAM     4     4      0
                     _inicializa_com
                            _rx_byte
 ---------------------------------------------------------------------------------
 (1) _rx_byte                                              1     1      0     198
                                              2 COMRAM     1     1      0
                           _delay_ms
 ---------------------------------------------------------------------------------
 (2) _delay_ms                                             2     0      2     175
                                              0 COMRAM     2     0      2
 ---------------------------------------------------------------------------------
 (1) _inicializa_com                                       0     0      0       0
 ---------------------------------------------------------------------------------
 Estimated maximum stack depth 2
 ---------------------------------------------------------------------------------

 Call Graph Graphs:

 _main (ROOT)
   _inicializa_com
   _rx_byte
     _delay_ms

 Address spaces:
Name               Size   Autos  Total    Cost      Usage
BIGRAM             7FF      0       0      21        0.0%
EEDATA             100      0       0       0        0.0%
BITBANK7           100      0       0      18        0.0%
BANK7              100      0       0      19        0.0%
BITBANK6           100      0       0      16        0.0%
BANK6              100      0       0      17        0.0%
BITBANK5           100      0       0      14        0.0%
BANK5              100      0       0      15        0.0%
BITBANK4           100      0       0      12        0.0%
BANK4              100      0       0      13        0.0%
BITBANK3           100      0       0      10        0.0%
BANK3              100      0       0      11        0.0%
BITBANK2           100      0       0       8        0.0%
BANK2              100      0       0       9        0.0%
BITBANK1           100      0       0       6        0.0%
BANK1              100      0       0       7        0.0%
BITBANK0            A0      0       0       4        0.0%
BANK0               A0      0       0       5        0.0%
BITCOMRAM           5F      0       0       0        0.0%
COMRAM              5F      7       8       1        8.4%
BITSFR               0      0       0     200        0.0%
SFR                  0      0       0     200        0.0%
STACK                0      0       0       2        0.0%
NULL                 0      0       0       0        0.0%
ABS                  0      0       8      20        0.0%
DATA                 0      0       8       3        0.0%
CODE                 0      0       0       0        0.0%


Microchip Technology PIC18 Macro Assembler V1.45 build -152302408 
Symbol Table                                                                                   Wed Aug 22 11:28:05 2018

                     l50 7F3A                       l51 7F1C                       l53 7F30  
                     l80 7FA6                       l81 7FAA                       l82 7FB0  
                     l68 7F4C                       l84 7FBC                       l76 7F9A  
                     l69 7F6E                       l77 7FD8                       l86 7FCA  
                     l78 7FA2              __CFG_BOR$ON 000000              __CFG_BORV$3 000000  
           __CFG_CP0$OFF 000000             __CFG_CP1$OFF 000000             __CFG_CP2$OFF 000000  
           __CFG_CP3$OFF 000000              __CFG_LVP$ON 000000                      l846 7FC6  
           __CFG_CPB$OFF 000000             __CFG_CPD$OFF 000000                      _PSA 007EAB  
           __CFG_WDT$OFF 000000                     _T0CS 007EAD                     _main 7F7A  
                   start 0000            __CFG_IESO$OFF 000000            __CFG_MCLRE$ON 000000  
           ___param_bank 000000            __CFG_PLLDIV$1 000000             main@endereco 0007  
         __CFG_CCP2MX$ON 000000                    ?_main 0001                    _T0PS0 007EA8  
                  _T0PS1 007EA9                    _T0PS2 007EAA                    _RCREG 000FAE  
                  _RCSTA 000FAB                    _TMR0L 000FD6                    _SPBRG 000FAF  
                  _PORTA 000F80            __CFG_USBDIV$1 000000                    _TRISA 000F92  
                  _TXREG 000FAD                    _TXSTA 000FAC            __CFG_PWRT$OFF 000000  
          __CFG_WRT0$OFF 000000            __CFG_WRT1$OFF 000000            __CFG_WRT2$OFF 000000  
          __CFG_WRT3$OFF 000000           __CFG_EBTR0$OFF 000000           __CFG_FCMEN$OFF 000000  
         __CFG_EBTR1$OFF 000000           __CFG_EBTR2$OFF 000000           __CFG_EBTR3$OFF 000000  
          __CFG_WRTB$OFF 000000            __CFG_WRTC$OFF 000000            __CFG_WRTD$OFF 000000  
         __CFG_EBTRB$OFF 000000                    main@n 0004                    main@r 0006  
        __end_of_rx_byte 7F7A                    status 000FD8           __CFG_ICPRT$OFF 000000  
         __CFG_PBADEN$ON 000000          __initialization 7EFC             __end_of_main 8000  
                 ??_main 0004            __activetblptr 000002                   _ADCON1 000FC1  
                 _T08BIT 007EAE                   _TMR0IF 007F92                   _TMR0ON 007EAF  
__size_of_inicializa_com 0012         __end_of_delay_ms 7F4A           __CFG_XINST$OFF 000000  
         __CFG_STVREN$ON 000000                   tblptru 000FF8                ??_rx_byte 0003  
             __accesstop 0060  __end_of__initialization 7EFE          __CFG_FOSC$XT_XT 000000  
          ___rparam_used 000001           __pcstackCOMRAM 0001                  _BAUDCON 000FB8  
              ?_delay_ms 0001          __CFG_VREGEN$OFF 000000           _inicializa_com 7F08  
                __Hparam 0000                  __Lparam 0000                  __pcinit 7EFC  
                __ramtop 0800                  __ptext0 7F7A                  __ptext1 7F4A  
                __ptext2 7F1A                  __ptext3 7F08               ??_delay_ms 0003  
                _rx_byte 7F4A   __end_of_inicializa_com 7F1A     end_of_initialization 7EFE  
          __Lmediumconst 0000               _piscar_led 0008                _PORTCbits 000F82  
              _TRISCbits 000F94          ?_inicializa_com 0001                _TXSTAbits 000FAC  
          delay_ms@tempo 0001      start_initialization 7EFC              rx_byte@dado 0003  
       __CFG_LPT1OSC$OFF 000000              __pbssCOMRAM 0008        __size_of_delay_ms 0030  
               ?_rx_byte 0001                 _PIR1bits 000F9E         __CFG_WDTPS$32768 000000  
       ??_inicializa_com 0001                 __Hrparam 0000                 __Lrparam 0000  
               _delay_ms 7F1A         __size_of_rx_byte 0030            __size_of_main 0086  
  __CFG_CPUDIV$OSC1_PLL2 000000  
